  [1m[35m (6159.6ms)[0m  [1m[35mCREATE DATABASE "biddr_api_development" ENCODING = 'unicode'[0m
  ↳ bin/rails:9
  [1m[35m (6023.5ms)[0m  [1m[35mCREATE DATABASE "biddr_api_test" ENCODING = 'unicode'[0m
  ↳ bin/rails:9
  [1m[35m (105.6ms)[0m  [1m[35mCREATE TABLE "schema_migrations" ("version" character varying NOT NULL PRIMARY KEY)[0m
  ↳ bin/rails:9
  [1m[35m (126.5ms)[0m  [1m[35mCREATE TABLE "ar_internal_metadata" ("key" character varying NOT NULL PRIMARY KEY, "value" character varying, "created_at" timestamp NOT NULL, "updated_at" timestamp NOT NULL)[0m
  ↳ bin/rails:9
  [1m[35m (0.6ms)[0m  [1m[34mSELECT pg_try_advisory_lock(8427587142396744315)[0m
  ↳ bin/rails:9
  [1m[35m (0.5ms)[0m  [1m[34mSELECT "schema_migrations"."version" FROM "schema_migrations" ORDER BY "schema_migrations"."version" ASC[0m
  ↳ bin/rails:9
Migrating to CreateAuctions (20181126174508)
  [1m[35m (0.9ms)[0m  [1m[35mBEGIN[0m
  ↳ bin/rails:9
  [1m[35m (82.5ms)[0m  [1m[35mCREATE TABLE "auctions" ("id" bigserial primary key, "title" character varying, "details" text, "ends_on" timestamp, "reserved_price" integer, "created_at" timestamp NOT NULL, "updated_at" timestamp NOT NULL)[0m
  ↳ db/migrate/20181126174508_create_auctions.rb:3
  [1m[36mActiveRecord::SchemaMigration Create (1.1ms)[0m  [1m[32mINSERT INTO "schema_migrations" ("version") VALUES ($1) RETURNING "version"[0m  [["version", "20181126174508"]]
  ↳ bin/rails:9
  [1m[35m (21.2ms)[0m  [1m[35mCOMMIT[0m
  ↳ bin/rails:9
  [1m[36mActiveRecord::InternalMetadata Load (0.8ms)[0m  [1m[34mSELECT  "ar_internal_metadata".* FROM "ar_internal_metadata" WHERE "ar_internal_metadata"."key" = $1 LIMIT $2[0m  [["key", "environment"], ["LIMIT", 1]]
  ↳ bin/rails:9
  [1m[35m (0.3ms)[0m  [1m[35mBEGIN[0m
  ↳ bin/rails:9
  [1m[36mActiveRecord::InternalMetadata Create (1.0ms)[0m  [1m[32mINSERT INTO "ar_internal_metadata" ("key", "value", "created_at", "updated_at") VALUES ($1, $2, $3, $4) RETURNING "key"[0m  [["key", "environment"], ["value", "development"], ["created_at", "2018-11-26 17:46:25.376591"], ["updated_at", "2018-11-26 17:46:25.376591"]]
  ↳ bin/rails:9
  [1m[35m (18.6ms)[0m  [1m[35mCOMMIT[0m
  ↳ bin/rails:9
  [1m[35m (0.6ms)[0m  [1m[34mSELECT pg_advisory_unlock(8427587142396744315)[0m
  ↳ bin/rails:9
  [1m[35m (0.6ms)[0m  [1m[34mSELECT "schema_migrations"."version" FROM "schema_migrations" ORDER BY "schema_migrations"."version" ASC[0m
  ↳ bin/rails:9
Started POST "/api/v1/auctions" for 127.0.0.1 at 2018-11-26 10:08:01 -0800
  [1m[35m (0.4ms)[0m  [1m[34mSELECT "schema_migrations"."version" FROM "schema_migrations" ORDER BY "schema_migrations"."version" ASC[0m
  ↳ /home/orsolya/.rvm/gems/ruby-2.5.2/gems/activerecord-5.2.1/lib/active_record/log_subscriber.rb:98
  
ActionController::RoutingError (No route matches [POST] "/api/v1/auctions"):
  
actionpack (5.2.1) lib/action_dispatch/middleware/debug_exceptions.rb:65:in `call'
actionpack (5.2.1) lib/action_dispatch/middleware/show_exceptions.rb:33:in `call'
railties (5.2.1) lib/rails/rack/logger.rb:38:in `call_app'
railties (5.2.1) lib/rails/rack/logger.rb:26:in `block in call'
activesupport (5.2.1) lib/active_support/tagged_logging.rb:71:in `block in tagged'
activesupport (5.2.1) lib/active_support/tagged_logging.rb:28:in `tagged'
activesupport (5.2.1) lib/active_support/tagged_logging.rb:71:in `tagged'
railties (5.2.1) lib/rails/rack/logger.rb:26:in `call'
actionpack (5.2.1) lib/action_dispatch/middleware/remote_ip.rb:81:in `call'
actionpack (5.2.1) lib/action_dispatch/middleware/request_id.rb:27:in `call'
rack (2.0.6) lib/rack/runtime.rb:22:in `call'
activesupport (5.2.1) lib/active_support/cache/strategy/local_cache_middleware.rb:29:in `call'
actionpack (5.2.1) lib/action_dispatch/middleware/executor.rb:14:in `call'
actionpack (5.2.1) lib/action_dispatch/middleware/static.rb:127:in `call'
rack (2.0.6) lib/rack/sendfile.rb:111:in `call'
railties (5.2.1) lib/rails/engine.rb:524:in `call'
puma (3.12.0) lib/puma/configuration.rb:225:in `call'
puma (3.12.0) lib/puma/server.rb:658:in `handle_request'
puma (3.12.0) lib/puma/server.rb:472:in `process_client'
puma (3.12.0) lib/puma/server.rb:332:in `block in run'
puma (3.12.0) lib/puma/thread_pool.rb:133:in `block in spawn_thread'
Started POST "/api/v1/auctions" for 127.0.0.1 at 2018-11-26 10:10:02 -0800
  
ArgumentError (Before process_action callback :verify_authenticity_token has not been defined):
  
app/controllers/api/v1/auctions_controller.rb:2:in `<class:AuctionsController>'
app/controllers/api/v1/auctions_controller.rb:1:in `<main>'
Started POST "/api/v1/auctions" for 127.0.0.1 at 2018-11-26 10:16:23 -0800
Processing by Api::V1::AuctionsController#create as */*
  Parameters: {"auction"=>{"title"=>"used toothbursh", "details"=>"bearly used"}}
  [1m[35m (0.1ms)[0m  [1m[35mBEGIN[0m
  ↳ app/controllers/api/v1/auctions_controller.rb:6
  [1m[36mAuction Create (12.6ms)[0m  [1m[32mINSERT INTO "auctions" ("title", "details", "created_at", "updated_at") VALUES ($1, $2, $3, $4) RETURNING "id"[0m  [["title", "used toothbursh"], ["details", "bearly used"], ["created_at", "2018-11-26 18:16:23.091356"], ["updated_at", "2018-11-26 18:16:23.091356"]]
  ↳ app/controllers/api/v1/auctions_controller.rb:6
  [1m[35m (54.4ms)[0m  [1m[35mCOMMIT[0m
  ↳ app/controllers/api/v1/auctions_controller.rb:6
Completed 200 OK in 117ms (Views: 1.7ms | ActiveRecord: 75.6ms)


Started GET "/api/v1/auctions" for 127.0.0.1 at 2018-11-26 10:17:07 -0800
Processing by Api::V1::AuctionsController#index as */*
  [1m[36mAuction Load (19.3ms)[0m  [1m[34mSELECT "auctions".* FROM "auctions" ORDER BY "auctions"."created_at" DESC[0m
  ↳ app/controllers/api/v1/auctions_controller.rb:19
Completed 200 OK in 30ms (Views: 10.0ms | ActiveRecord: 19.3ms)


Started GET "/api/v1/auctions/1" for 127.0.0.1 at 2018-11-26 10:17:15 -0800
Processing by Api::V1::AuctionsController#show as */*
  Parameters: {"id"=>"1"}
  [1m[36mAuction Load (0.2ms)[0m  [1m[34mSELECT  "auctions".* FROM "auctions" WHERE "auctions"."id" = $1 LIMIT $2[0m  [["id", 1], ["LIMIT", 1]]
  ↳ app/controllers/api/v1/auctions_controller.rb:30
Completed 200 OK in 3ms (Views: 0.4ms | ActiveRecord: 0.5ms)


Started POST "/api/v1/auctions" for 127.0.0.1 at 2018-11-26 10:18:23 -0800
Processing by Api::V1::AuctionsController#create as */*
  Parameters: {"auction"=>{"title"=>"new toilet seet", "details"=>"brand new, in roginal packageing"}}
  [1m[35m (0.3ms)[0m  [1m[35mBEGIN[0m
  ↳ app/controllers/api/v1/auctions_controller.rb:6
  [1m[36mAuction Create (0.4ms)[0m  [1m[32mINSERT INTO "auctions" ("title", "details", "created_at", "updated_at") VALUES ($1, $2, $3, $4) RETURNING "id"[0m  [["title", "new toilet seet"], ["details", "brand new, in roginal packageing"], ["created_at", "2018-11-26 18:18:23.530284"], ["updated_at", "2018-11-26 18:18:23.530284"]]
  ↳ app/controllers/api/v1/auctions_controller.rb:6
  [1m[35m (42.1ms)[0m  [1m[35mCOMMIT[0m
  ↳ app/controllers/api/v1/auctions_controller.rb:6
Completed 200 OK in 48ms (Views: 1.2ms | ActiveRecord: 42.8ms)


Started GET "/api/v1/auctions" for 127.0.0.1 at 2018-11-26 10:18:35 -0800
Processing by Api::V1::AuctionsController#index as */*
  [1m[36mAuction Load (0.3ms)[0m  [1m[34mSELECT "auctions".* FROM "auctions" ORDER BY "auctions"."created_at" DESC[0m
  ↳ app/controllers/api/v1/auctions_controller.rb:19
Completed 200 OK in 2ms (Views: 1.2ms | ActiveRecord: 0.3ms)


Started GET "/api/v1/auctions/2" for 127.0.0.1 at 2018-11-26 10:18:48 -0800
Processing by Api::V1::AuctionsController#show as */*
  Parameters: {"id"=>"2"}
  [1m[36mAuction Load (0.3ms)[0m  [1m[34mSELECT  "auctions".* FROM "auctions" WHERE "auctions"."id" = $1 LIMIT $2[0m  [["id", 2], ["LIMIT", 1]]
  ↳ app/controllers/api/v1/auctions_controller.rb:30
Completed 200 OK in 2ms (Views: 0.5ms | ActiveRecord: 0.3ms)


Started DELETE "/api/v1/auctions/2" for 127.0.0.1 at 2018-11-26 10:19:00 -0800
Processing by Api::V1::AuctionsController#destroy as */*
  Parameters: {"auction"=>{"title"=>"used toothbursh", "details"=>"bearly used"}, "id"=>"2"}
  [1m[36mAuction Load (0.3ms)[0m  [1m[34mSELECT  "auctions".* FROM "auctions" WHERE "auctions"."id" = $1 LIMIT $2[0m  [["id", 2], ["LIMIT", 1]]
  ↳ app/controllers/api/v1/auctions_controller.rb:30
  [1m[35m (0.1ms)[0m  [1m[35mBEGIN[0m
  ↳ app/controllers/api/v1/auctions_controller.rb:23
  [1m[36mAuction Destroy (0.3ms)[0m  [1m[31mDELETE FROM "auctions" WHERE "auctions"."id" = $1[0m  [["id", 2]]
  ↳ app/controllers/api/v1/auctions_controller.rb:23
  [1m[35m (20.7ms)[0m  [1m[35mCOMMIT[0m
  ↳ app/controllers/api/v1/auctions_controller.rb:23
Completed 200 OK in 24ms (Views: 0.1ms | ActiveRecord: 21.5ms)


Started GET "/api/v1/auctions" for 127.0.0.1 at 2018-11-26 10:19:08 -0800
Processing by Api::V1::AuctionsController#index as */*
  [1m[36mAuction Load (1.7ms)[0m  [1m[34mSELECT "auctions".* FROM "auctions" ORDER BY "auctions"."created_at" DESC[0m
  ↳ app/controllers/api/v1/auctions_controller.rb:19
Completed 200 OK in 3ms (Views: 1.4ms | ActiveRecord: 1.7ms)


  [1m[36mAuction Load (0.3ms)[0m  [1m[34mSELECT "auctions".* FROM "auctions"[0m
